<?xml version="1.0" encoding="UTF-8"?>
<testng-results ignored="0" total="5" passed="5" failed="0" skipped="0">
  <reporter-output>
  </reporter-output>
  <suite started-at="2021-11-14T02:16:59 MSK" name="AirportTest" finished-at="2021-11-14T02:16:59 MSK" duration-ms="20">
    <groups>
    </groups>
    <test started-at="2021-11-14T02:16:59 MSK" name="Command line test" finished-at="2021-11-14T02:16:59 MSK" duration-ms="20">
      <class name="AirportTest">
        <test-method signature="testAirportSortByMaxLoadCapacity()[pri:0, instance:AirportTest@67b92f0a]" started-at="2021-11-14T02:16:59 MSK" name="testAirportSortByMaxLoadCapacity" finished-at="2021-11-14T02:16:59 MSK" duration-ms="4" status="PASS">
          <reporter-output>
          </reporter-output>
        </test-method> <!-- testAirportSortByMaxLoadCapacity -->
        <test-method signature="testGetTransportMilitaryPlanes()[pri:0, instance:AirportTest@67b92f0a]" started-at="2021-11-14T02:16:59 MSK" name="testGetTransportMilitaryPlanes" finished-at="2021-11-14T02:16:59 MSK" duration-ms="0" status="PASS">
          <reporter-output>
          </reporter-output>
        </test-method> <!-- testGetTransportMilitaryPlanes -->
        <test-method signature="testExperimentalPlanesHasClassificationLevelHigherThanUnclassified()[pri:0, instance:AirportTest@67b92f0a]" started-at="2021-11-14T02:16:59 MSK" name="testExperimentalPlanesHasClassificationLevelHigherThanUnclassified" finished-at="2021-11-14T02:16:59 MSK" duration-ms="0" status="PASS">
          <reporter-output>
          </reporter-output>
        </test-method> <!-- testExperimentalPlanesHasClassificationLevelHigherThanUnclassified -->
        <test-method signature="testGetPassengerPlaneWithMaxCapacity()[pri:0, instance:AirportTest@67b92f0a]" started-at="2021-11-14T02:16:59 MSK" name="testGetPassengerPlaneWithMaxCapacity" finished-at="2021-11-14T02:16:59 MSK" duration-ms="0" status="PASS">
          <reporter-output>
          </reporter-output>
        </test-method> <!-- testGetPassengerPlaneWithMaxCapacity -->
        <test-method signature="testHasAtLeastOneBomberInMilitaryPlanes()[pri:0, instance:AirportTest@67b92f0a]" started-at="2021-11-14T02:16:59 MSK" name="testHasAtLeastOneBomberInMilitaryPlanes" finished-at="2021-11-14T02:16:59 MSK" duration-ms="0" status="PASS">
          <reporter-output>
          </reporter-output>
        </test-method> <!-- testHasAtLeastOneBomberInMilitaryPlanes -->
      </class> <!-- AirportTest -->
    </test> <!-- Command line test -->
  </suite> <!-- AirportTest -->
</testng-results>
