<?xml version="1.0" encoding="UTF-8"?>
<testng-results ignored="0" total="1" passed="1" failed="0" skipped="0">
  <reporter-output>
  </reporter-output>
  <suite started-at="2021-11-15T01:06:16 MSK" name="tests.TravelYandexTrainsPageTest" finished-at="2021-11-15T01:06:50 MSK" duration-ms="34669">
    <groups>
    </groups>
    <test started-at="2021-11-15T01:06:16 MSK" name="Command line test" finished-at="2021-11-15T01:06:50 MSK" duration-ms="34669">
      <class name="tests.TravelYandexTrainsPageTest">
        <test-method is-config="true" signature="browserSetup()[pri:0, instance:tests.TravelYandexTrainsPageTest@fad74ee]" started-at="2021-11-15T01:06:16 MSK" name="browserSetup" finished-at="2021-11-15T01:06:27 MSK" duration-ms="11115" status="PASS">
          <reporter-output>
          </reporter-output>
        </test-method> <!-- browserSetup -->
        <test-method signature="testSearchResultForTrainTicketsWithoutEnteringDate()[pri:0, instance:tests.TravelYandexTrainsPageTest@fad74ee]" started-at="2021-11-15T01:06:27 MSK" name="testSearchResultForTrainTicketsWithoutEnteringDate" finished-at="2021-11-15T01:06:44 MSK" duration-ms="16829" status="PASS">
          <reporter-output>
          </reporter-output>
        </test-method> <!-- testSearchResultForTrainTicketsWithoutEnteringDate -->
        <test-method is-config="true" signature="quit()[pri:0, instance:tests.TravelYandexTrainsPageTest@fad74ee]" started-at="2021-11-15T01:06:44 MSK" name="quit" finished-at="2021-11-15T01:06:50 MSK" duration-ms="6703" status="PASS">
          <reporter-output>
          </reporter-output>
        </test-method> <!-- quit -->
      </class> <!-- tests.TravelYandexTrainsPageTest -->
    </test> <!-- Command line test -->
  </suite> <!-- tests.TravelYandexTrainsPageTest -->
</testng-results>
