<?xml version="1.0" encoding="UTF-8"?>
<!-- Generated by org.testng.reporters.JUnitXMLReporter -->
<testsuite ignored="0" hostname="pirozhok-GF63-8RC" failures="0" tests="5" name="Command line test" time="0.02" errors="0" timestamp="2021-11-14T02:16:59 MSK">
  <testcase classname="AirportTest" name="testAirportSortByMaxLoadCapacity" time="0.004"/>
  <testcase classname="AirportTest" name="testExperimentalPlanesHasClassificationLevelHigherThanUnclassified" time="0.0"/>
  <testcase classname="AirportTest" name="testGetPassengerPlaneWithMaxCapacity" time="0.0"/>
  <testcase classname="AirportTest" name="testGetTransportMilitaryPlanes" time="0.0"/>
  <testcase classname="AirportTest" name="testHasAtLeastOneBomberInMilitaryPlanes" time="0.0"/>
</testsuite> <!-- Command line test -->
